{"/Users/khr/workSpace/codeSpace/node/self/crypto-wallet/src/util/crypto.ts": {"path":"/Users/khr/workSpace/codeSpace/node/self/crypto-wallet/src/util/crypto.ts","statementMap":{"0":{"start":{"line":345,"column":0},"end":{"line":345,"column":16}},"1":{"start":{"line":354,"column":0},"end":{"line":354,"column":16}},"2":{"start":{"line":365,"column":0},"end":{"line":365,"column":16}},"3":{"start":{"line":373,"column":2},"end":{"line":373,"column":14}},"4":{"start":{"line":374,"column":2},"end":{"line":374,"column":14}},"5":{"start":{"line":375,"column":2},"end":{"line":375,"column":15}},"6":{"start":{"line":376,"column":2},"end":{"line":376,"column":13}},"7":{"start":{"line":377,"column":2},"end":{"line":377,"column":13}},"8":{"start":{"line":378,"column":2},"end":{"line":378,"column":14}},"9":{"start":{"line":380,"column":2},"end":{"line":380,"column":18}},"10":{"start":{"line":384,"column":2},"end":{"line":384,"column":17}},"11":{"start":{"line":390,"column":2},"end":{"line":390,"column":22}},"12":{"start":{"line":391,"column":2},"end":{"line":391,"column":20}},"13":{"start":{"line":1,"column":0},"end":{"line":1,"column":33}},"14":{"start":{"line":2,"column":0},"end":{"line":2,"column":60}},"15":{"start":{"line":3,"column":0},"end":{"line":3,"column":54}},"16":{"start":{"line":4,"column":0},"end":{"line":4,"column":28}},"17":{"start":{"line":6,"column":0},"end":{"line":6,"column":33}},"18":{"start":{"line":7,"column":0},"end":{"line":7,"column":36}},"19":{"start":{"line":9,"column":0},"end":{"line":9,"column":42}},"20":{"start":{"line":10,"column":0},"end":{"line":10,"column":57}},"21":{"start":{"line":11,"column":0},"end":{"line":11,"column":36}},"22":{"start":{"line":12,"column":0},"end":{"line":12,"column":31}},"23":{"start":{"line":14,"column":20},"end":{"line":14,"column":22}},"24":{"start":{"line":22,"column":15},"end":{"line":22,"column":55}},"25":{"start":{"line":23,"column":2},"end":{"line":23,"column":14}},"26":{"start":{"line":26,"column":21},"end":{"line":26,"column":51}},"27":{"start":{"line":27,"column":2},"end":{"line":27,"column":36}},"28":{"start":{"line":30,"column":20},"end":{"line":38,"column":1}},"29":{"start":{"line":32,"column":4},"end":{"line":32,"column":94}},"30":{"start":{"line":33,"column":15},"end":{"line":33,"column":17}},"31":{"start":{"line":34,"column":2},"end":{"line":36,"column":3}},"32":{"start":{"line":34,"column":15},"end":{"line":34,"column":16}},"33":{"start":{"line":35,"column":4},"end":{"line":35,"column":79}},"34":{"start":{"line":37,"column":2},"end":{"line":37,"column":23}},"35":{"start":{"line":382,"column":2},"end":{"line":382,"column":13}},"36":{"start":{"line":50,"column":2},"end":{"line":50,"column":55}},"37":{"start":{"line":53,"column":19},"end":{"line":53,"column":33}},"38":{"start":{"line":54,"column":27},"end":{"line":54,"column":71}},"39":{"start":{"line":62,"column":21},"end":{"line":65,"column":14}},"40":{"start":{"line":66,"column":2},"end":{"line":66,"column":20}},"41":{"start":{"line":76,"column":2},"end":{"line":82,"column":3}},"42":{"start":{"line":77,"column":18},"end":{"line":77,"column":57}},"43":{"start":{"line":78,"column":26},"end":{"line":78,"column":59}},"44":{"start":{"line":79,"column":4},"end":{"line":79,"column":37}},"45":{"start":{"line":81,"column":4},"end":{"line":81,"column":16}},"46":{"start":{"line":92,"column":12},"end":{"line":92,"column":22}},"47":{"start":{"line":93,"column":2},"end":{"line":93,"column":51}},"48":{"start":{"line":94,"column":16},"end":{"line":94,"column":29}},"49":{"start":{"line":95,"column":16},"end":{"line":95,"column":66}},"50":{"start":{"line":96,"column":2},"end":{"line":96,"column":28}},"51":{"start":{"line":105,"column":2},"end":{"line":110,"column":3}},"52":{"start":{"line":106,"column":4},"end":{"line":106,"column":41}},"53":{"start":{"line":108,"column":4},"end":{"line":108,"column":66}},"54":{"start":{"line":109,"column":4},"end":{"line":109,"column":47}},"55":{"start":{"line":117,"column":12},"end":{"line":117,"column":22}},"56":{"start":{"line":118,"column":2},"end":{"line":118,"column":51}},"57":{"start":{"line":119,"column":23},"end":{"line":119,"column":36}},"58":{"start":{"line":120,"column":23},"end":{"line":122,"column":4}},"59":{"start":{"line":123,"column":2},"end":{"line":123,"column":46}},"60":{"start":{"line":130,"column":2},"end":{"line":135,"column":3}},"61":{"start":{"line":131,"column":4},"end":{"line":131,"column":49}},"62":{"start":{"line":133,"column":4},"end":{"line":133,"column":66}},"63":{"start":{"line":134,"column":4},"end":{"line":134,"column":47}},"64":{"start":{"line":145,"column":15},"end":{"line":145,"column":17}},"65":{"start":{"line":146,"column":2},"end":{"line":146,"column":27}},"66":{"start":{"line":146,"column":15},"end":{"line":146,"column":27}},"67":{"start":{"line":148,"column":4},"end":{"line":148,"column":68}},"68":{"start":{"line":149,"column":27},"end":{"line":149,"column":44}},"69":{"start":{"line":150,"column":2},"end":{"line":152,"column":3}},"70":{"start":{"line":150,"column":15},"end":{"line":150,"column":16}},"71":{"start":{"line":151,"column":4},"end":{"line":151,"column":78}},"72":{"start":{"line":153,"column":2},"end":{"line":153,"column":16}},"73":{"start":{"line":162,"column":29},"end":{"line":196,"column":1}},"74":{"start":{"line":163,"column":2},"end":{"line":195,"column":3}},"75":{"start":{"line":164,"column":4},"end":{"line":164,"column":39}},"76":{"start":{"line":164,"column":15},"end":{"line":164,"column":39}},"77":{"start":{"line":165,"column":4},"end":{"line":165,"column":56}},"78":{"start":{"line":165,"column":32},"end":{"line":165,"column":56}},"79":{"start":{"line":166,"column":4},"end":{"line":190,"column":5}},"80":{"start":{"line":168,"column":8},"end":{"line":168,"column":60}},"81":{"start":{"line":170,"column":8},"end":{"line":170,"column":65}},"82":{"start":{"line":172,"column":8},"end":{"line":172,"column":60}},"83":{"start":{"line":174,"column":8},"end":{"line":174,"column":60}},"84":{"start":{"line":176,"column":23},"end":{"line":176,"column":33}},"85":{"start":{"line":177,"column":8},"end":{"line":186,"column":9}},"86":{"start":{"line":179,"column":12},"end":{"line":179,"column":23}},"87":{"start":{"line":181,"column":12},"end":{"line":181,"column":32}},"88":{"start":{"line":183,"column":12},"end":{"line":183,"column":41}},"89":{"start":{"line":185,"column":12},"end":{"line":185,"column":49}},"90":{"start":{"line":189,"column":8},"end":{"line":189,"column":19}},"91":{"start":{"line":192,"column":4},"end":{"line":192,"column":34}},"92":{"start":{"line":193,"column":14},"end":{"line":193,"column":37}},"93":{"start":{"line":194,"column":4},"end":{"line":194,"column":23}},"94":{"start":{"line":379,"column":2},"end":{"line":379,"column":22}},"95":{"start":{"line":198,"column":23},"end":{"line":205,"column":1}},"96":{"start":{"line":199,"column":27},"end":{"line":202,"column":4}},"97":{"start":{"line":200,"column":20},"end":{"line":200,"column":68}},"98":{"start":{"line":201,"column":4},"end":{"line":201,"column":38}},"99":{"start":{"line":204,"column":2},"end":{"line":204,"column":60}},"100":{"start":{"line":204,"column":42},"end":{"line":204,"column":58}},"101":{"start":{"line":381,"column":2},"end":{"line":381,"column":16}},"102":{"start":{"line":215,"column":19},"end":{"line":227,"column":1}},"103":{"start":{"line":216,"column":2},"end":{"line":226,"column":3}},"104":{"start":{"line":217,"column":4},"end":{"line":218,"column":32}},"105":{"start":{"line":218,"column":6},"end":{"line":218,"column":32}},"106":{"start":{"line":220,"column":19},"end":{"line":220,"column":78}},"107":{"start":{"line":222,"column":4},"end":{"line":222,"column":68}},"108":{"start":{"line":224,"column":4},"end":{"line":224,"column":23}},"109":{"start":{"line":225,"column":4},"end":{"line":225,"column":16}},"110":{"start":{"line":237,"column":19},"end":{"line":254,"column":1}},"111":{"start":{"line":238,"column":2},"end":{"line":253,"column":3}},"112":{"start":{"line":239,"column":4},"end":{"line":239,"column":51}},"113":{"start":{"line":239,"column":25},"end":{"line":239,"column":51}},"114":{"start":{"line":241,"column":21},"end":{"line":244,"column":null}},"115":{"start":{"line":247,"column":4},"end":{"line":249,"column":6}},"116":{"start":{"line":251,"column":4},"end":{"line":251,"column":23}},"117":{"start":{"line":252,"column":4},"end":{"line":252,"column":16}},"118":{"start":{"line":256,"column":24},"end":{"line":258,"column":1}},"119":{"start":{"line":257,"column":2},"end":{"line":257,"column":23}},"120":{"start":{"line":389,"column":2},"end":{"line":389,"column":17}},"121":{"start":{"line":260,"column":27},"end":{"line":263,"column":1}},"122":{"start":{"line":261,"column":25},"end":{"line":261,"column":51}},"123":{"start":{"line":262,"column":2},"end":{"line":262,"column":24}},"124":{"start":{"line":383,"column":2},"end":{"line":383,"column":20}},"125":{"start":{"line":265,"column":24},"end":{"line":267,"column":1}},"126":{"start":{"line":266,"column":2},"end":{"line":266,"column":43}},"127":{"start":{"line":385,"column":2},"end":{"line":385,"column":17}},"128":{"start":{"line":270,"column":23},"end":{"line":272,"column":1}},"129":{"start":{"line":271,"column":2},"end":{"line":271,"column":55}},"130":{"start":{"line":386,"column":2},"end":{"line":386,"column":16}},"131":{"start":{"line":274,"column":28},"end":{"line":282,"column":1}},"132":{"start":{"line":276,"column":4},"end":{"line":276,"column":68}},"133":{"start":{"line":277,"column":15},"end":{"line":277,"column":17}},"134":{"start":{"line":278,"column":2},"end":{"line":280,"column":3}},"135":{"start":{"line":278,"column":15},"end":{"line":278,"column":16}},"136":{"start":{"line":279,"column":4},"end":{"line":279,"column":79}},"137":{"start":{"line":281,"column":2},"end":{"line":281,"column":23}},"138":{"start":{"line":388,"column":2},"end":{"line":388,"column":21}},"139":{"start":{"line":290,"column":19},"end":{"line":343,"column":1}},"140":{"start":{"line":291,"column":2},"end":{"line":342,"column":3}},"141":{"start":{"line":293,"column":17},"end":{"line":293,"column":28}},"142":{"start":{"line":294,"column":4},"end":{"line":333,"column":5}},"143":{"start":{"line":296,"column":8},"end":{"line":302,"column":11}},"144":{"start":{"line":303,"column":8},"end":{"line":303,"column":14}},"145":{"start":{"line":305,"column":8},"end":{"line":312,"column":11}},"146":{"start":{"line":313,"column":8},"end":{"line":313,"column":14}},"147":{"start":{"line":315,"column":8},"end":{"line":322,"column":11}},"148":{"start":{"line":323,"column":8},"end":{"line":323,"column":14}},"149":{"start":{"line":325,"column":8},"end":{"line":331,"column":11}},"150":{"start":{"line":332,"column":8},"end":{"line":332,"column":14}},"151":{"start":{"line":334,"column":19},"end":{"line":336,"column":26}},"152":{"start":{"line":337,"column":15},"end":{"line":337,"column":23}},"153":{"start":{"line":338,"column":4},"end":{"line":338,"column":56}},"154":{"start":{"line":340,"column":4},"end":{"line":340,"column":23}},"155":{"start":{"line":341,"column":4},"end":{"line":341,"column":16}},"156":{"start":{"line":387,"column":2},"end":{"line":387,"column":12}},"157":{"start":{"line":346,"column":12},"end":{"line":346,"column":26}},"158":{"start":{"line":347,"column":14},"end":{"line":347,"column":51}},"159":{"start":{"line":347,"column":30},"end":{"line":347,"column":50}},"160":{"start":{"line":348,"column":2},"end":{"line":350,"column":52}},"161":{"start":{"line":355,"column":2},"end":{"line":355,"column":46}},"162":{"start":{"line":355,"column":39},"end":{"line":355,"column":46}},"163":{"start":{"line":357,"column":2},"end":{"line":361,"column":5}},"164":{"start":{"line":358,"column":4},"end":{"line":360,"column":5}},"165":{"start":{"line":359,"column":6},"end":{"line":359,"column":38}},"166":{"start":{"line":366,"column":2},"end":{"line":366,"column":34}},"167":{"start":{"line":366,"column":27},"end":{"line":366,"column":34}},"168":{"start":{"line":368,"column":2},"end":{"line":370,"column":5}},"169":{"start":{"line":369,"column":4},"end":{"line":369,"column":32}}},"fnMap":{"0":{"name":"hashPassword","decl":{"start":{"line":21,"column":15},"end":{"line":21,"column":27}},"loc":{"start":{"line":21,"column":44},"end":{"line":24,"column":1}}},"1":{"name":"encryptPassword","decl":{"start":{"line":25,"column":9},"end":{"line":25,"column":24}},"loc":{"start":{"line":25,"column":55},"end":{"line":28,"column":1}}},"2":{"name":"(anonymous_12)","decl":{"start":{"line":30,"column":20},"end":{"line":30,"column":21}},"loc":{"start":{"line":30,"column":39},"end":{"line":38,"column":1}}},"3":{"name":"comparePasswords","decl":{"start":{"line":46,"column":15},"end":{"line":46,"column":31}},"loc":{"start":{"line":48,"column":24},"end":{"line":51,"column":1}}},"4":{"name":"encryptToken","decl":{"start":{"line":61,"column":9},"end":{"line":61,"column":21}},"loc":{"start":{"line":61,"column":47},"end":{"line":67,"column":1}}},"5":{"name":"decryptToken","decl":{"start":{"line":75,"column":9},"end":{"line":75,"column":21}},"loc":{"start":{"line":75,"column":35},"end":{"line":83,"column":1}}},"6":{"name":"generateToken","decl":{"start":{"line":91,"column":9},"end":{"line":91,"column":22}},"loc":{"start":{"line":91,"column":35},"end":{"line":97,"column":1}}},"7":{"name":"verifyToken","decl":{"start":{"line":104,"column":9},"end":{"line":104,"column":20}},"loc":{"start":{"line":104,"column":34},"end":{"line":111,"column":1}}},"8":{"name":"generateRefreshToken","decl":{"start":{"line":116,"column":9},"end":{"line":116,"column":29}},"loc":{"start":{"line":116,"column":65},"end":{"line":124,"column":1}}},"9":{"name":"verifyRefreshToken","decl":{"start":{"line":129,"column":9},"end":{"line":129,"column":27}},"loc":{"start":{"line":129,"column":41},"end":{"line":136,"column":1}}},"10":{"name":"radonString","decl":{"start":{"line":144,"column":9},"end":{"line":144,"column":20}},"loc":{"start":{"line":144,"column":36},"end":{"line":154,"column":1}}},"11":{"name":"(anonymous_21)","decl":{"start":{"line":162,"column":29},"end":{"line":162,"column":30}},"loc":{"start":{"line":162,"column":70},"end":{"line":196,"column":1}}},"12":{"name":"(anonymous_22)","decl":{"start":{"line":198,"column":23},"end":{"line":198,"column":28}},"loc":{"start":{"line":198,"column":64},"end":{"line":205,"column":1}}},"13":{"name":"(anonymous_23)","decl":{"start":{"line":199,"column":49},"end":{"line":199,"column":50}},"loc":{"start":{"line":199,"column":59},"end":{"line":202,"column":3}}},"14":{"name":"(anonymous_24)","decl":{"start":{"line":204,"column":31},"end":{"line":204,"column":32}},"loc":{"start":{"line":204,"column":42},"end":{"line":204,"column":58}}},"15":{"name":"(anonymous_25)","decl":{"start":{"line":215,"column":19},"end":{"line":215,"column":20}},"loc":{"start":{"line":215,"column":57},"end":{"line":227,"column":1}}},"16":{"name":"(anonymous_26)","decl":{"start":{"line":237,"column":19},"end":{"line":237,"column":20}},"loc":{"start":{"line":237,"column":66},"end":{"line":254,"column":1}}},"17":{"name":"(anonymous_27)","decl":{"start":{"line":256,"column":24},"end":{"line":256,"column":27}},"loc":{"start":{"line":256,"column":29},"end":{"line":258,"column":1}}},"18":{"name":"(anonymous_28)","decl":{"start":{"line":260,"column":27},"end":{"line":260,"column":32}},"loc":{"start":{"line":260,"column":68},"end":{"line":263,"column":1}}},"19":{"name":"(anonymous_29)","decl":{"start":{"line":265,"column":24},"end":{"line":265,"column":25}},"loc":{"start":{"line":265,"column":69},"end":{"line":267,"column":1}}},"20":{"name":"(anonymous_30)","decl":{"start":{"line":270,"column":23},"end":{"line":270,"column":24}},"loc":{"start":{"line":270,"column":42},"end":{"line":272,"column":1}}},"21":{"name":"(anonymous_31)","decl":{"start":{"line":274,"column":28},"end":{"line":274,"column":31}},"loc":{"start":{"line":274,"column":33},"end":{"line":282,"column":1}}},"22":{"name":"(anonymous_32)","decl":{"start":{"line":290,"column":19},"end":{"line":290,"column":20}},"loc":{"start":{"line":290,"column":58},"end":{"line":343,"column":1}}},"23":{"name":"formatDate","decl":{"start":{"line":345,"column":16},"end":{"line":345,"column":26}},"loc":{"start":{"line":345,"column":55},"end":{"line":351,"column":1}}},"24":{"name":"(anonymous_34)","decl":{"start":{"line":347,"column":14},"end":{"line":347,"column":15}},"loc":{"start":{"line":347,"column":30},"end":{"line":347,"column":50}}},"25":{"name":"autoFormatObjectDates","decl":{"start":{"line":354,"column":16},"end":{"line":354,"column":37}},"loc":{"start":{"line":354,"column":46},"end":{"line":362,"column":1}}},"26":{"name":"(anonymous_36)","decl":{"start":{"line":357,"column":27},"end":{"line":357,"column":28}},"loc":{"start":{"line":357,"column":35},"end":{"line":361,"column":3}}},"27":{"name":"autoFormatArrayDates","decl":{"start":{"line":365,"column":16},"end":{"line":365,"column":36}},"loc":{"start":{"line":365,"column":47},"end":{"line":371,"column":1}}},"28":{"name":"(anonymous_38)","decl":{"start":{"line":368,"column":14},"end":{"line":368,"column":15}},"loc":{"start":{"line":368,"column":23},"end":{"line":370,"column":3}}}},"branchMap":{"0":{"loc":{"start":{"line":54,"column":27},"end":{"line":54,"column":71}},"type":"binary-expr","locations":[{"start":{"line":54,"column":27},"end":{"line":54,"column":48}},{"start":{"line":54,"column":50},"end":{"line":54,"column":71}}]},"1":{"loc":{"start":{"line":146,"column":2},"end":{"line":146,"column":27}},"type":"if","locations":[{"start":{"line":146,"column":2},"end":{"line":146,"column":27}}]},"2":{"loc":{"start":{"line":164,"column":4},"end":{"line":164,"column":39}},"type":"if","locations":[{"start":{"line":164,"column":4},"end":{"line":164,"column":39}}]},"3":{"loc":{"start":{"line":165,"column":4},"end":{"line":165,"column":56}},"type":"if","locations":[{"start":{"line":165,"column":4},"end":{"line":165,"column":56}}]},"4":{"loc":{"start":{"line":165,"column":8},"end":{"line":165,"column":30}},"type":"binary-expr","locations":[{"start":{"line":165,"column":8},"end":{"line":165,"column":12}},{"start":{"line":165,"column":16},"end":{"line":165,"column":30}}]},"5":{"loc":{"start":{"line":166,"column":4},"end":{"line":190,"column":5}},"type":"switch","locations":[{"start":{"line":167,"column":6},"end":{"line":168,"column":60}},{"start":{"line":169,"column":6},"end":{"line":170,"column":65}},{"start":{"line":171,"column":6},"end":{"line":172,"column":60}},{"start":{"line":173,"column":6},"end":{"line":174,"column":60}},{"start":{"line":175,"column":6},"end":{"line":187,"column":7}},{"start":{"line":188,"column":6},"end":{"line":189,"column":19}}]},"6":{"loc":{"start":{"line":177,"column":8},"end":{"line":186,"column":9}},"type":"switch","locations":[{"start":{"line":178,"column":10},"end":{"line":179,"column":23}},{"start":{"line":180,"column":10},"end":{"line":181,"column":32}},{"start":{"line":182,"column":10},"end":{"line":183,"column":41}},{"start":{"line":184,"column":10},"end":{"line":185,"column":49}}]},"7":{"loc":{"start":{"line":217,"column":4},"end":{"line":218,"column":32}},"type":"if","locations":[{"start":{"line":217,"column":4},"end":{"line":218,"column":32}}]},"8":{"loc":{"start":{"line":217,"column":8},"end":{"line":217,"column":51}},"type":"binary-expr","locations":[{"start":{"line":217,"column":8},"end":{"line":217,"column":13}},{"start":{"line":217,"column":17},"end":{"line":217,"column":32}},{"start":{"line":217,"column":36},"end":{"line":217,"column":51}}]},"9":{"loc":{"start":{"line":239,"column":4},"end":{"line":239,"column":51}},"type":"if","locations":[{"start":{"line":239,"column":4},"end":{"line":239,"column":51}}]},"10":{"loc":{"start":{"line":293,"column":17},"end":{"line":293,"column":28}},"type":"binary-expr","locations":[{"start":{"line":293,"column":17},"end":{"line":293,"column":23}},{"start":{"line":293,"column":27},"end":{"line":293,"column":28}}]},"11":{"loc":{"start":{"line":294,"column":4},"end":{"line":333,"column":5}},"type":"switch","locations":[{"start":{"line":295,"column":6},"end":{"line":303,"column":14}},{"start":{"line":304,"column":6},"end":{"line":313,"column":14}},{"start":{"line":314,"column":6},"end":{"line":323,"column":14}},{"start":{"line":324,"column":6},"end":{"line":332,"column":14}}]},"12":{"loc":{"start":{"line":347,"column":30},"end":{"line":347,"column":50}},"type":"cond-expr","locations":[{"start":{"line":347,"column":39},"end":{"line":347,"column":46}},{"start":{"line":347,"column":49},"end":{"line":347,"column":50}}]},"13":{"loc":{"start":{"line":355,"column":2},"end":{"line":355,"column":46}},"type":"if","locations":[{"start":{"line":355,"column":2},"end":{"line":355,"column":46}}]},"14":{"loc":{"start":{"line":355,"column":6},"end":{"line":355,"column":37}},"type":"binary-expr","locations":[{"start":{"line":355,"column":6},"end":{"line":355,"column":10}},{"start":{"line":355,"column":14},"end":{"line":355,"column":37}}]},"15":{"loc":{"start":{"line":358,"column":4},"end":{"line":360,"column":5}},"type":"if","locations":[{"start":{"line":358,"column":4},"end":{"line":360,"column":5}}]},"16":{"loc":{"start":{"line":358,"column":8},"end":{"line":358,"column":64}},"type":"binary-expr","locations":[{"start":{"line":358,"column":9},"end":{"line":358,"column":27}},{"start":{"line":358,"column":31},"end":{"line":358,"column":51}},{"start":{"line":358,"column":56},"end":{"line":358,"column":64}}]},"17":{"loc":{"start":{"line":366,"column":2},"end":{"line":366,"column":34}},"type":"if","locations":[{"start":{"line":366,"column":2},"end":{"line":366,"column":34}}]}},"s":{"0":1,"1":1,"2":1,"3":1,"4":1,"5":1,"6":1,"7":1,"8":1,"9":1,"10":1,"11":1,"12":1,"13":1,"14":1,"15":1,"16":1,"17":1,"18":1,"19":1,"20":1,"21":1,"22":1,"23":1,"24":0,"25":0,"26":0,"27":0,"28":1,"29":0,"30":0,"31":0,"32":0,"33":0,"34":0,"35":1,"36":0,"37":1,"38":1,"39":0,"40":0,"41":0,"42":0,"43":0,"44":0,"45":0,"46":0,"47":0,"48":0,"49":0,"50":0,"51":0,"52":0,"53":0,"54":0,"55":0,"56":0,"57":0,"58":0,"59":0,"60":0,"61":0,"62":0,"63":0,"64":0,"65":0,"66":0,"67":0,"68":0,"69":0,"70":0,"71":0,"72":0,"73":1,"74":9,"75":9,"76":0,"77":9,"78":0,"79":9,"80":1,"81":1,"82":1,"83":1,"84":4,"85":4,"86":1,"87":1,"88":1,"89":1,"90":1,"91":0,"92":0,"93":0,"94":1,"95":1,"96":0,"97":0,"98":0,"99":0,"100":0,"101":1,"102":1,"103":0,"104":0,"105":0,"106":0,"107":0,"108":0,"109":0,"110":1,"111":0,"112":0,"113":0,"114":0,"115":0,"116":0,"117":0,"118":1,"119":0,"120":1,"121":1,"122":0,"123":0,"124":1,"125":1,"126":0,"127":1,"128":1,"129":0,"130":1,"131":1,"132":0,"133":0,"134":0,"135":0,"136":0,"137":0,"138":1,"139":1,"140":0,"141":0,"142":0,"143":0,"144":0,"145":0,"146":0,"147":0,"148":0,"149":0,"150":0,"151":0,"152":0,"153":0,"154":0,"155":0,"156":1,"157":0,"158":0,"159":0,"160":0,"161":0,"162":0,"163":0,"164":0,"165":0,"166":0,"167":0,"168":0,"169":0},"f":{"0":0,"1":0,"2":0,"3":0,"4":0,"5":0,"6":0,"7":0,"8":0,"9":0,"10":0,"11":9,"12":0,"13":0,"14":0,"15":0,"16":0,"17":0,"18":0,"19":0,"20":0,"21":0,"22":0,"23":0,"24":0,"25":0,"26":0,"27":0,"28":0},"b":{"0":[1,0],"1":[0],"2":[0],"3":[0],"4":[9,9],"5":[1,1,1,1,4,1],"6":[1,1,1,1],"7":[0],"8":[0,0,0],"9":[0],"10":[0,0],"11":[0,0,0,0],"12":[0,0],"13":[0],"14":[0,0],"15":[0],"16":[0,0,0],"17":[0]}}
,"/Users/khr/workSpace/codeSpace/node/self/crypto-wallet/src/util/env.ts": {"path":"/Users/khr/workSpace/codeSpace/node/self/crypto-wallet/src/util/env.ts","statementMap":{"0":{"start":{"line":1,"column":0},"end":{"line":1,"column":33}},"1":{"start":{"line":3,"column":0},"end":{"line":3,"column":16}},"2":{"start":{"line":4,"column":13},"end":{"line":105,"column":2}}},"fnMap":{},"branchMap":{"0":{"loc":{"start":{"line":8,"column":12},"end":{"line":8,"column":57}},"type":"binary-expr","locations":[{"start":{"line":8,"column":12},"end":{"line":8,"column":42}},{"start":{"line":8,"column":46},"end":{"line":8,"column":57}}]},"1":{"loc":{"start":{"line":9,"column":21},"end":{"line":9,"column":61}},"type":"binary-expr","locations":[{"start":{"line":9,"column":21},"end":{"line":9,"column":51}},{"start":{"line":9,"column":55},"end":{"line":9,"column":61}}]},"2":{"loc":{"start":{"line":10,"column":16},"end":{"line":10,"column":56}},"type":"binary-expr","locations":[{"start":{"line":10,"column":16},"end":{"line":10,"column":50}},{"start":{"line":10,"column":54},"end":{"line":10,"column":56}}]},"3":{"loc":{"start":{"line":11,"column":16},"end":{"line":11,"column":56}},"type":"binary-expr","locations":[{"start":{"line":11,"column":16},"end":{"line":11,"column":50}},{"start":{"line":11,"column":54},"end":{"line":11,"column":56}}]},"4":{"loc":{"start":{"line":12,"column":19},"end":{"line":12,"column":54}},"type":"binary-expr","locations":[{"start":{"line":12,"column":19},"end":{"line":12,"column":47}},{"start":{"line":12,"column":51},"end":{"line":12,"column":54}}]},"5":{"loc":{"start":{"line":15,"column":12},"end":{"line":15,"column":55}},"type":"binary-expr","locations":[{"start":{"line":15,"column":12},"end":{"line":15,"column":40}},{"start":{"line":15,"column":44},"end":{"line":15,"column":55}}]},"6":{"loc":{"start":{"line":16,"column":21},"end":{"line":16,"column":59}},"type":"binary-expr","locations":[{"start":{"line":16,"column":21},"end":{"line":16,"column":49}},{"start":{"line":16,"column":53},"end":{"line":16,"column":59}}]},"7":{"loc":{"start":{"line":17,"column":16},"end":{"line":17,"column":54}},"type":"binary-expr","locations":[{"start":{"line":17,"column":16},"end":{"line":17,"column":48}},{"start":{"line":17,"column":52},"end":{"line":17,"column":54}}]},"8":{"loc":{"start":{"line":18,"column":16},"end":{"line":18,"column":54}},"type":"binary-expr","locations":[{"start":{"line":18,"column":16},"end":{"line":18,"column":48}},{"start":{"line":18,"column":52},"end":{"line":18,"column":54}}]},"9":{"loc":{"start":{"line":19,"column":19},"end":{"line":19,"column":52}},"type":"binary-expr","locations":[{"start":{"line":19,"column":19},"end":{"line":19,"column":45}},{"start":{"line":19,"column":49},"end":{"line":19,"column":52}}]},"10":{"loc":{"start":{"line":28,"column":10},"end":{"line":28,"column":45}},"type":"binary-expr","locations":[{"start":{"line":28,"column":10},"end":{"line":28,"column":34}},{"start":{"line":28,"column":38},"end":{"line":28,"column":45}}]},"11":{"loc":{"start":{"line":29,"column":10},"end":{"line":29,"column":49}},"type":"binary-expr","locations":[{"start":{"line":29,"column":10},"end":{"line":29,"column":34}},{"start":{"line":29,"column":38},"end":{"line":29,"column":49}}]},"12":{"loc":{"start":{"line":30,"column":10},"end":{"line":30,"column":43}},"type":"binary-expr","locations":[{"start":{"line":30,"column":10},"end":{"line":30,"column":33}},{"start":{"line":30,"column":37},"end":{"line":30,"column":43}}]},"13":{"loc":{"start":{"line":31,"column":14},"end":{"line":31,"column":51}},"type":"binary-expr","locations":[{"start":{"line":31,"column":14},"end":{"line":31,"column":41}},{"start":{"line":31,"column":45},"end":{"line":31,"column":51}}]},"14":{"loc":{"start":{"line":32,"column":14},"end":{"line":32,"column":53}},"type":"binary-expr","locations":[{"start":{"line":32,"column":14},"end":{"line":32,"column":41}},{"start":{"line":32,"column":45},"end":{"line":32,"column":53}}]},"15":{"loc":{"start":{"line":33,"column":14},"end":{"line":33,"column":51}},"type":"binary-expr","locations":[{"start":{"line":33,"column":14},"end":{"line":33,"column":41}},{"start":{"line":33,"column":45},"end":{"line":33,"column":51}}]},"16":{"loc":{"start":{"line":34,"column":10},"end":{"line":34,"column":41}},"type":"binary-expr","locations":[{"start":{"line":34,"column":10},"end":{"line":34,"column":33}},{"start":{"line":34,"column":37},"end":{"line":34,"column":41}}]},"17":{"loc":{"start":{"line":37,"column":10},"end":{"line":37,"column":47}},"type":"binary-expr","locations":[{"start":{"line":37,"column":10},"end":{"line":37,"column":33}},{"start":{"line":37,"column":37},"end":{"line":37,"column":47}}]},"18":{"loc":{"start":{"line":38,"column":10},"end":{"line":38,"column":56}},"type":"binary-expr","locations":[{"start":{"line":38,"column":10},"end":{"line":38,"column":41}},{"start":{"line":38,"column":45},"end":{"line":38,"column":56}}]},"19":{"loc":{"start":{"line":39,"column":10},"end":{"line":39,"column":49}},"type":"binary-expr","locations":[{"start":{"line":39,"column":10},"end":{"line":39,"column":41}},{"start":{"line":39,"column":45},"end":{"line":39,"column":49}}]},"20":{"loc":{"start":{"line":40,"column":14},"end":{"line":40,"column":59}},"type":"binary-expr","locations":[{"start":{"line":40,"column":14},"end":{"line":40,"column":49}},{"start":{"line":40,"column":53},"end":{"line":40,"column":59}}]},"21":{"loc":{"start":{"line":41,"column":14},"end":{"line":41,"column":61}},"type":"binary-expr","locations":[{"start":{"line":41,"column":14},"end":{"line":41,"column":49}},{"start":{"line":41,"column":53},"end":{"line":41,"column":61}}]},"22":{"loc":{"start":{"line":42,"column":14},"end":{"line":42,"column":61}},"type":"binary-expr","locations":[{"start":{"line":42,"column":14},"end":{"line":42,"column":49}},{"start":{"line":42,"column":53},"end":{"line":42,"column":61}}]},"23":{"loc":{"start":{"line":43,"column":10},"end":{"line":43,"column":49}},"type":"binary-expr","locations":[{"start":{"line":43,"column":10},"end":{"line":43,"column":41}},{"start":{"line":43,"column":45},"end":{"line":43,"column":49}}]},"24":{"loc":{"start":{"line":74,"column":12},"end":{"line":74,"column":56}},"type":"binary-expr","locations":[{"start":{"line":74,"column":12},"end":{"line":74,"column":35}},{"start":{"line":74,"column":39},"end":{"line":74,"column":56}}]},"25":{"loc":{"start":{"line":75,"column":19},"end":{"line":75,"column":74}},"type":"binary-expr","locations":[{"start":{"line":75,"column":19},"end":{"line":75,"column":49}},{"start":{"line":75,"column":53},"end":{"line":75,"column":74}}]},"26":{"loc":{"start":{"line":100,"column":12},"end":{"line":100,"column":49}},"type":"binary-expr","locations":[{"start":{"line":100,"column":12},"end":{"line":100,"column":32}},{"start":{"line":100,"column":36},"end":{"line":100,"column":49}}]},"27":{"loc":{"start":{"line":104,"column":10},"end":{"line":104,"column":42}},"type":"binary-expr","locations":[{"start":{"line":104,"column":10},"end":{"line":104,"column":29}},{"start":{"line":104,"column":33},"end":{"line":104,"column":42}}]}},"s":{"0":1,"1":1,"2":1},"f":{},"b":{"0":[1,0],"1":[1,0],"2":[1,1],"3":[1,1],"4":[1,0],"5":[1,0],"6":[1,0],"7":[1,1],"8":[1,1],"9":[1,0],"10":[1,0],"11":[1,0],"12":[1,0],"13":[1,0],"14":[1,0],"15":[1,0],"16":[1,0],"17":[1,0],"18":[1,0],"19":[1,0],"20":[1,0],"21":[1,0],"22":[1,0],"23":[1,0],"24":[1,0],"25":[1,1],"26":[1,0],"27":[1,1]}}
,"/Users/khr/workSpace/codeSpace/node/self/crypto-wallet/src/util/error.ts": {"path":"/Users/khr/workSpace/codeSpace/node/self/crypto-wallet/src/util/error.ts","statementMap":{"0":{"start":{"line":5,"column":4},"end":{"line":5,"column":19}},"1":{"start":{"line":6,"column":4},"end":{"line":6,"column":30}},"2":{"start":{"line":7,"column":4},"end":{"line":7,"column":21}},"3":{"start":{"line":8,"column":4},"end":{"line":8,"column":23}},"4":{"start":{"line":57,"column":2},"end":{"line":57,"column":13}},"5":{"start":{"line":15,"column":4},"end":{"line":15,"column":19}},"6":{"start":{"line":16,"column":4},"end":{"line":16,"column":36}},"7":{"start":{"line":17,"column":4},"end":{"line":17,"column":22}},"8":{"start":{"line":58,"column":2},"end":{"line":58,"column":19}},"9":{"start":{"line":24,"column":4},"end":{"line":24,"column":19}},"10":{"start":{"line":25,"column":4},"end":{"line":25,"column":25}},"11":{"start":{"line":26,"column":4},"end":{"line":26,"column":22}},"12":{"start":{"line":27,"column":4},"end":{"line":27,"column":23}},"13":{"start":{"line":62,"column":2},"end":{"line":62,"column":21}},"14":{"start":{"line":34,"column":4},"end":{"line":34,"column":19}},"15":{"start":{"line":35,"column":4},"end":{"line":35,"column":33}},"16":{"start":{"line":36,"column":4},"end":{"line":36,"column":22}},"17":{"start":{"line":59,"column":2},"end":{"line":59,"column":16}},"18":{"start":{"line":43,"column":4},"end":{"line":43,"column":19}},"19":{"start":{"line":44,"column":4},"end":{"line":44,"column":35}},"20":{"start":{"line":45,"column":4},"end":{"line":45,"column":22}},"21":{"start":{"line":60,"column":2},"end":{"line":60,"column":18}},"22":{"start":{"line":51,"column":4},"end":{"line":51,"column":19}},"23":{"start":{"line":52,"column":4},"end":{"line":52,"column":28}},"24":{"start":{"line":53,"column":4},"end":{"line":53,"column":22}},"25":{"start":{"line":61,"column":2},"end":{"line":61,"column":11}}},"fnMap":{"0":{"name":"(anonymous_0)","decl":{"start":{"line":4,"column":2},"end":{"line":4,"column":14}},"loc":{"start":{"line":4,"column":29},"end":{"line":9,"column":3}}},"1":{"name":"(anonymous_1)","decl":{"start":{"line":14,"column":2},"end":{"line":14,"column":14}},"loc":{"start":{"line":14,"column":29},"end":{"line":18,"column":3}}},"2":{"name":"(anonymous_2)","decl":{"start":{"line":23,"column":2},"end":{"line":23,"column":14}},"loc":{"start":{"line":23,"column":41},"end":{"line":28,"column":3}}},"3":{"name":"(anonymous_3)","decl":{"start":{"line":33,"column":2},"end":{"line":33,"column":14}},"loc":{"start":{"line":33,"column":29},"end":{"line":37,"column":3}}},"4":{"name":"(anonymous_4)","decl":{"start":{"line":42,"column":2},"end":{"line":42,"column":14}},"loc":{"start":{"line":42,"column":29},"end":{"line":46,"column":3}}},"5":{"name":"(anonymous_5)","decl":{"start":{"line":50,"column":2},"end":{"line":50,"column":14}},"loc":{"start":{"line":50,"column":29},"end":{"line":54,"column":3}}}},"branchMap":{},"s":{"0":0,"1":0,"2":0,"3":0,"4":1,"5":0,"6":0,"7":0,"8":1,"9":0,"10":0,"11":0,"12":0,"13":1,"14":0,"15":0,"16":0,"17":1,"18":0,"19":0,"20":0,"21":1,"22":0,"23":0,"24":0,"25":1},"f":{"0":0,"1":0,"2":0,"3":0,"4":0,"5":0},"b":{}}
,"/Users/khr/workSpace/codeSpace/node/self/crypto-wallet/src/util/log.ts": {"path":"/Users/khr/workSpace/codeSpace/node/self/crypto-wallet/src/util/log.ts","statementMap":{"0":{"start":{"line":2,"column":0},"end":{"line":2,"column":null}},"1":{"start":{"line":9,"column":26},"end":{"line":16,"column":1}},"2":{"start":{"line":10,"column":2},"end":{"line":10,"column":64}},"3":{"start":{"line":10,"column":22},"end":{"line":10,"column":64}},"4":{"start":{"line":11,"column":2},"end":{"line":14,"column":null}},"5":{"start":{"line":9,"column":13},"end":{"line":9,"column":26}},"6":{"start":{"line":17,"column":22},"end":{"line":21,"column":1}},"7":{"start":{"line":18,"column":2},"end":{"line":19,"column":77}},"8":{"start":{"line":19,"column":4},"end":{"line":19,"column":77}},"9":{"start":{"line":20,"column":2},"end":{"line":20,"column":23}},"10":{"start":{"line":17,"column":13},"end":{"line":17,"column":22}},"11":{"start":{"line":26,"column":4},"end":{"line":26,"column":37}},"12":{"start":{"line":30,"column":4},"end":{"line":30,"column":47}},"13":{"start":{"line":33,"column":4},"end":{"line":33,"column":47}},"14":{"start":{"line":36,"column":4},"end":{"line":36,"column":48}},"15":{"start":{"line":40,"column":4},"end":{"line":40,"column":48}},"16":{"start":{"line":43,"column":4},"end":{"line":43,"column":48}},"17":{"start":{"line":54,"column":4},"end":{"line":54,"column":24}},"18":{"start":{"line":55,"column":4},"end":{"line":55,"column":28}},"19":{"start":{"line":56,"column":22},"end":{"line":74,"column":null}},"20":{"start":{"line":58,"column":18},"end":{"line":58,"column":71}},"21":{"start":{"line":59,"column":8},"end":{"line":59,"column":41}},"22":{"start":{"line":59,"column":21},"end":{"line":59,"column":41}},"23":{"start":{"line":60,"column":8},"end":{"line":60,"column":58}},"24":{"start":{"line":60,"column":18},"end":{"line":60,"column":58}},"25":{"start":{"line":63,"column":8},"end":{"line":72,"column":9}},"26":{"start":{"line":69,"column":10},"end":{"line":71,"column":13}},"27":{"start":{"line":73,"column":8},"end":{"line":73,"column":19}},"28":{"start":{"line":77,"column":4},"end":{"line":86,"column":7}},"29":{"start":{"line":91,"column":4},"end":{"line":106,"column":6}},"30":{"start":{"line":111,"column":21},"end":{"line":111,"column":48}},"31":{"start":{"line":112,"column":4},"end":{"line":112,"column":43}}},"fnMap":{"0":{"name":"(anonymous_0)","decl":{"start":{"line":9,"column":26},"end":{"line":9,"column":27}},"loc":{"start":{"line":9,"column":52},"end":{"line":16,"column":1}}},"1":{"name":"(anonymous_1)","decl":{"start":{"line":17,"column":22},"end":{"line":17,"column":25}},"loc":{"start":{"line":17,"column":27},"end":{"line":21,"column":1}}},"2":{"name":"(anonymous_2)","decl":{"start":{"line":25,"column":2},"end":{"line":25,"column":14}},"loc":{"start":{"line":25,"column":35},"end":{"line":27,"column":3}}},"3":{"name":"(anonymous_3)","decl":{"start":{"line":29,"column":9},"end":{"line":29,"column":14}},"loc":{"start":{"line":29,"column":33},"end":{"line":31,"column":3}}},"4":{"name":"(anonymous_4)","decl":{"start":{"line":32,"column":9},"end":{"line":32,"column":14}},"loc":{"start":{"line":32,"column":33},"end":{"line":34,"column":3}}},"5":{"name":"(anonymous_5)","decl":{"start":{"line":35,"column":9},"end":{"line":35,"column":14}},"loc":{"start":{"line":35,"column":34},"end":{"line":37,"column":3}}},"6":{"name":"(anonymous_6)","decl":{"start":{"line":39,"column":9},"end":{"line":39,"column":14}},"loc":{"start":{"line":39,"column":34},"end":{"line":41,"column":3}}},"7":{"name":"(anonymous_7)","decl":{"start":{"line":42,"column":9},"end":{"line":42,"column":14}},"loc":{"start":{"line":42,"column":34},"end":{"line":44,"column":3}}},"8":{"name":"(anonymous_8)","decl":{"start":{"line":53,"column":2},"end":{"line":53,"column":14}},"loc":{"start":{"line":53,"column":35},"end":{"line":87,"column":3}}},"9":{"name":"(anonymous_9)","decl":{"start":{"line":57,"column":6},"end":{"line":57,"column":7}},"loc":{"start":{"line":57,"column":60},"end":{"line":74,"column":7}}},"10":{"name":"(anonymous_10)","decl":{"start":{"line":90,"column":10},"end":{"line":90,"column":19}},"loc":{"start":{"line":90,"column":50},"end":{"line":107,"column":3}}},"11":{"name":"(anonymous_11)","decl":{"start":{"line":110,"column":9},"end":{"line":110,"column":14}},"loc":{"start":{"line":110,"column":49},"end":{"line":113,"column":3}}}},"branchMap":{"0":{"loc":{"start":{"line":10,"column":2},"end":{"line":10,"column":64}},"type":"if","locations":[{"start":{"line":10,"column":2},"end":{"line":10,"column":64}}]},"1":{"loc":{"start":{"line":18,"column":2},"end":{"line":19,"column":77}},"type":"if","locations":[{"start":{"line":18,"column":2},"end":{"line":19,"column":77}}]},"2":{"loc":{"start":{"line":59,"column":8},"end":{"line":59,"column":41}},"type":"if","locations":[{"start":{"line":59,"column":8},"end":{"line":59,"column":41}}]},"3":{"loc":{"start":{"line":60,"column":8},"end":{"line":60,"column":58}},"type":"if","locations":[{"start":{"line":60,"column":8},"end":{"line":60,"column":58}}]},"4":{"loc":{"start":{"line":63,"column":8},"end":{"line":72,"column":9}},"type":"if","locations":[{"start":{"line":63,"column":8},"end":{"line":72,"column":9}}]},"5":{"loc":{"start":{"line":64,"column":10},"end":{"line":67,"column":26}},"type":"binary-expr","locations":[{"start":{"line":64,"column":10},"end":{"line":64,"column":15}},{"start":{"line":65,"column":10},"end":{"line":65,"column":35}},{"start":{"line":66,"column":10},"end":{"line":66,"column":28}},{"start":{"line":67,"column":10},"end":{"line":67,"column":26}}]},"6":{"loc":{"start":{"line":99,"column":13},"end":{"line":105,"column":19}},"type":"cond-expr","locations":[{"start":{"line":100,"column":10},"end":{"line":104,"column":null}},{"start":{"line":105,"column":10},"end":{"line":105,"column":19}}]}},"s":{"0":1,"1":1,"2":0,"3":0,"4":0,"5":1,"6":1,"7":0,"8":0,"9":0,"10":1,"11":0,"12":0,"13":0,"14":0,"15":0,"16":0,"17":0,"18":0,"19":0,"20":0,"21":0,"22":0,"23":0,"24":0,"25":0,"26":0,"27":0,"28":0,"29":0,"30":0,"31":0},"f":{"0":0,"1":0,"2":0,"3":0,"4":0,"5":0,"6":0,"7":0,"8":0,"9":0,"10":0,"11":0},"b":{"0":[0],"1":[0],"2":[0],"3":[0],"4":[0],"5":[0,0,0,0],"6":[0,0]}}
}
