TN:
SF:src/util/crypto.ts
FN:21,hashPassword
FN:25,encryptPassword
FN:30,(anonymous_12)
FN:46,comparePasswords
FN:61,encryptToken
FN:75,decryptToken
FN:91,generateToken
FN:104,verifyToken
FN:116,generateRefreshToken
FN:129,verifyRefreshToken
FN:144,radonString
FN:162,(anonymous_21)
FN:198,(anonymous_22)
FN:199,(anonymous_23)
FN:204,(anonymous_24)
FN:215,(anonymous_25)
FN:237,(anonymous_26)
FN:256,(anonymous_27)
FN:260,(anonymous_28)
FN:265,(anonymous_29)
FN:270,(anonymous_30)
FN:274,(anonymous_31)
FN:290,(anonymous_32)
FN:345,formatDate
FN:347,(anonymous_34)
FN:354,autoFormatObjectDates
FN:357,(anonymous_36)
FN:365,autoFormatArrayDates
FN:368,(anonymous_38)
FNF:29
FNH:1
FNDA:0,hashPassword
FNDA:0,encryptPassword
FNDA:0,(anonymous_12)
FNDA:0,comparePasswords
FNDA:0,encryptToken
FNDA:0,decryptToken
FNDA:0,generateToken
FNDA:0,verifyToken
FNDA:0,generateRefreshToken
FNDA:0,verifyRefreshToken
FNDA:0,radonString
FNDA:9,(anonymous_21)
FNDA:0,(anonymous_22)
FNDA:0,(anonymous_23)
FNDA:0,(anonymous_24)
FNDA:0,(anonymous_25)
FNDA:0,(anonymous_26)
FNDA:0,(anonymous_27)
FNDA:0,(anonymous_28)
FNDA:0,(anonymous_29)
FNDA:0,(anonymous_30)
FNDA:0,(anonymous_31)
FNDA:0,(anonymous_32)
FNDA:0,formatDate
FNDA:0,(anonymous_34)
FNDA:0,autoFormatObjectDates
FNDA:0,(anonymous_36)
FNDA:0,autoFormatArrayDates
FNDA:0,(anonymous_38)
DA:1,1
DA:2,1
DA:3,1
DA:4,1
DA:6,1
DA:7,1
DA:9,1
DA:10,1
DA:11,1
DA:12,1
DA:14,1
DA:22,0
DA:23,0
DA:26,0
DA:27,0
DA:30,1
DA:32,0
DA:33,0
DA:34,0
DA:35,0
DA:37,0
DA:50,0
DA:53,1
DA:54,1
DA:62,0
DA:66,0
DA:76,0
DA:77,0
DA:78,0
DA:79,0
DA:81,0
DA:92,0
DA:93,0
DA:94,0
DA:95,0
DA:96,0
DA:105,0
DA:106,0
DA:108,0
DA:109,0
DA:117,0
DA:118,0
DA:119,0
DA:120,0
DA:123,0
DA:130,0
DA:131,0
DA:133,0
DA:134,0
DA:145,0
DA:146,0
DA:148,0
DA:149,0
DA:150,0
DA:151,0
DA:153,0
DA:162,1
DA:163,9
DA:164,9
DA:165,9
DA:166,9
DA:168,1
DA:170,1
DA:172,1
DA:174,1
DA:176,4
DA:177,4
DA:179,1
DA:181,1
DA:183,1
DA:185,1
DA:189,1
DA:192,0
DA:193,0
DA:194,0
DA:198,1
DA:199,0
DA:200,0
DA:201,0
DA:204,0
DA:215,1
DA:216,0
DA:217,0
DA:218,0
DA:220,0
DA:222,0
DA:224,0
DA:225,0
DA:237,1
DA:238,0
DA:239,0
DA:241,0
DA:247,0
DA:251,0
DA:252,0
DA:256,1
DA:257,0
DA:260,1
DA:261,0
DA:262,0
DA:265,1
DA:266,0
DA:270,1
DA:271,0
DA:274,1
DA:276,0
DA:277,0
DA:278,0
DA:279,0
DA:281,0
DA:290,1
DA:291,0
DA:293,0
DA:294,0
DA:296,0
DA:303,0
DA:305,0
DA:313,0
DA:315,0
DA:323,0
DA:325,0
DA:332,0
DA:334,0
DA:337,0
DA:338,0
DA:340,0
DA:341,0
DA:345,1
DA:346,0
DA:347,0
DA:348,0
DA:354,1
DA:355,0
DA:357,0
DA:358,0
DA:359,0
DA:365,1
DA:366,0
DA:368,0
DA:369,0
DA:373,1
DA:374,1
DA:375,1
DA:376,1
DA:377,1
DA:378,1
DA:379,1
DA:380,1
DA:381,1
DA:382,1
DA:383,1
DA:384,1
DA:385,1
DA:386,1
DA:387,1
DA:388,1
DA:389,1
DA:390,1
DA:391,1
LF:159
LH:61
BRDA:54,0,0,1
BRDA:54,0,1,0
BRDA:146,1,0,0
BRDA:164,2,0,0
BRDA:165,3,0,0
BRDA:165,4,0,9
BRDA:165,4,1,9
BRDA:166,5,0,1
BRDA:166,5,1,1
BRDA:166,5,2,1
BRDA:166,5,3,1
BRDA:166,5,4,4
BRDA:166,5,5,1
BRDA:177,6,0,1
BRDA:177,6,1,1
BRDA:177,6,2,1
BRDA:177,6,3,1
BRDA:217,7,0,0
BRDA:217,8,0,0
BRDA:217,8,1,0
BRDA:217,8,2,0
BRDA:239,9,0,0
BRDA:293,10,0,0
BRDA:293,10,1,0
BRDA:294,11,0,0
BRDA:294,11,1,0
BRDA:294,11,2,0
BRDA:294,11,3,0
BRDA:347,12,0,0
BRDA:347,12,1,0
BRDA:355,13,0,0
BRDA:355,14,0,0
BRDA:355,14,1,0
BRDA:358,15,0,0
BRDA:358,16,0,0
BRDA:358,16,1,0
BRDA:358,16,2,0
BRDA:366,17,0,0
BRF:38
BRH:13
end_of_record
TN:
SF:src/util/env.ts
FNF:0
FNH:0
DA:1,1
DA:3,1
DA:4,1
LF:3
LH:3
BRDA:8,0,0,1
BRDA:8,0,1,0
BRDA:9,1,0,1
BRDA:9,1,1,0
BRDA:10,2,0,1
BRDA:10,2,1,1
BRDA:11,3,0,1
BRDA:11,3,1,1
BRDA:12,4,0,1
BRDA:12,4,1,0
BRDA:15,5,0,1
BRDA:15,5,1,0
BRDA:16,6,0,1
BRDA:16,6,1,0
BRDA:17,7,0,1
BRDA:17,7,1,1
BRDA:18,8,0,1
BRDA:18,8,1,1
BRDA:19,9,0,1
BRDA:19,9,1,0
BRDA:28,10,0,1
BRDA:28,10,1,0
BRDA:29,11,0,1
BRDA:29,11,1,0
BRDA:30,12,0,1
BRDA:30,12,1,0
BRDA:31,13,0,1
BRDA:31,13,1,0
BRDA:32,14,0,1
BRDA:32,14,1,0
BRDA:33,15,0,1
BRDA:33,15,1,0
BRDA:34,16,0,1
BRDA:34,16,1,0
BRDA:37,17,0,1
BRDA:37,17,1,0
BRDA:38,18,0,1
BRDA:38,18,1,0
BRDA:39,19,0,1
BRDA:39,19,1,0
BRDA:40,20,0,1
BRDA:40,20,1,0
BRDA:41,21,0,1
BRDA:41,21,1,0
BRDA:42,22,0,1
BRDA:42,22,1,0
BRDA:43,23,0,1
BRDA:43,23,1,0
BRDA:74,24,0,1
BRDA:74,24,1,0
BRDA:75,25,0,1
BRDA:75,25,1,1
BRDA:100,26,0,1
BRDA:100,26,1,0
BRDA:104,27,0,1
BRDA:104,27,1,1
BRF:56
BRH:34
end_of_record
TN:
SF:src/util/error.ts
FN:4,(anonymous_0)
FN:14,(anonymous_1)
FN:23,(anonymous_2)
FN:33,(anonymous_3)
FN:42,(anonymous_4)
FN:50,(anonymous_5)
FNF:6
FNH:0
FNDA:0,(anonymous_0)
FNDA:0,(anonymous_1)
FNDA:0,(anonymous_2)
FNDA:0,(anonymous_3)
FNDA:0,(anonymous_4)
FNDA:0,(anonymous_5)
DA:5,0
DA:6,0
DA:7,0
DA:8,0
DA:15,0
DA:16,0
DA:17,0
DA:24,0
DA:25,0
DA:26,0
DA:27,0
DA:34,0
DA:35,0
DA:36,0
DA:43,0
DA:44,0
DA:45,0
DA:51,0
DA:52,0
DA:53,0
DA:57,1
DA:58,1
DA:59,1
DA:60,1
DA:61,1
DA:62,1
LF:26
LH:6
BRF:0
BRH:0
end_of_record
TN:
SF:src/util/log.ts
FN:9,(anonymous_0)
FN:17,(anonymous_1)
FN:25,(anonymous_2)
FN:29,(anonymous_3)
FN:32,(anonymous_4)
FN:35,(anonymous_5)
FN:39,(anonymous_6)
FN:42,(anonymous_7)
FN:53,(anonymous_8)
FN:57,(anonymous_9)
FN:90,(anonymous_10)
FN:110,(anonymous_11)
FNF:12
FNH:0
FNDA:0,(anonymous_0)
FNDA:0,(anonymous_1)
FNDA:0,(anonymous_2)
FNDA:0,(anonymous_3)
FNDA:0,(anonymous_4)
FNDA:0,(anonymous_5)
FNDA:0,(anonymous_6)
FNDA:0,(anonymous_7)
FNDA:0,(anonymous_8)
FNDA:0,(anonymous_9)
FNDA:0,(anonymous_10)
FNDA:0,(anonymous_11)
DA:2,1
DA:9,1
DA:10,0
DA:11,0
DA:17,1
DA:18,0
DA:19,0
DA:20,0
DA:26,0
DA:30,0
DA:33,0
DA:36,0
DA:40,0
DA:43,0
DA:54,0
DA:55,0
DA:56,0
DA:58,0
DA:59,0
DA:60,0
DA:63,0
DA:69,0
DA:73,0
DA:77,0
DA:91,0
DA:111,0
DA:112,0
LF:27
LH:3
BRDA:10,0,0,0
BRDA:18,1,0,0
BRDA:59,2,0,0
BRDA:60,3,0,0
BRDA:63,4,0,0
BRDA:64,5,0,0
BRDA:64,5,1,0
BRDA:64,5,2,0
BRDA:64,5,3,0
BRDA:99,6,0,0
BRDA:99,6,1,0
BRF:11
BRH:0
end_of_record
